<?xml version="1.0" encoding="UTF-8"?>
<testng-results ignored="10" total="13" passed="3" failed="0" skipped="0">
  <reporter-output>
  </reporter-output>
  <suite started-at="2025-10-06T17:58:07 IST" name="Suite" finished-at="2025-10-06T17:58:07 IST" duration-ms="558">
    <groups>
      <group name="smokeTest">
        <method signature="CreateOrgTest.createOrganization()[pri:0, instance:abhi.vtiger.createorganization.CreateOrgTest@4e3958e7]" name="createOrganization" class="abhi.vtiger.createorganization.CreateOrgTest"/>
        <method signature="M1.M1a1()[pri:0, instance:abhi.vtiger.createorganization.M1@291b4bf5]" name="M1a1" class="abhi.vtiger.createorganization.M1"/>
        <method signature="M1.M1a2()[pri:0, instance:abhi.vtiger.createorganization.M1@291b4bf5]" name="M1a2" class="abhi.vtiger.createorganization.M1"/>
      </group> <!-- smokeTest -->
    </groups>
    <test started-at="2025-10-06T17:58:07 IST" name="Test" finished-at="2025-10-06T17:58:07 IST" duration-ms="558">
      <class name="abhi.vtiger.createorganization.CreateOrgTest">
        <test-method signature="createOrganization()[pri:0, instance:abhi.vtiger.createorganization.CreateOrgTest@4e3958e7]" started-at="2025-10-06T17:58:07 IST" name="createOrganization" finished-at="2025-10-06T17:58:07 IST" duration-ms="72" status="PASS">
          <reporter-output>
          </reporter-output>
        </test-method> <!-- createOrganization -->
      </class> <!-- abhi.vtiger.createorganization.CreateOrgTest -->
      <class name="abhi.vtiger.createorganization.M1">
        <test-method signature="M1a1()[pri:0, instance:abhi.vtiger.createorganization.M1@291b4bf5]" started-at="2025-10-06T17:58:07 IST" name="M1a1" finished-at="2025-10-06T17:58:07 IST" duration-ms="18" status="PASS">
          <reporter-output>
          </reporter-output>
        </test-method> <!-- M1a1 -->
        <test-method signature="M1a2()[pri:0, instance:abhi.vtiger.createorganization.M1@291b4bf5]" started-at="2025-10-06T17:58:07 IST" name="M1a2" finished-at="2025-10-06T17:58:07 IST" duration-ms="37" status="PASS">
          <reporter-output>
          </reporter-output>
        </test-method> <!-- M1a2 -->
      </class> <!-- abhi.vtiger.createorganization.M1 -->
    </test> <!-- Test -->
  </suite> <!-- Suite -->
</testng-results>
