<?xml version="1.0" encoding="UTF-8"?>
<!-- Generated by org.testng.reporters.JUnitXMLReporter -->
<testsuite ignored="10" hostname="DESKTOP-4HU8PPE" failures="0" tests="3" name="Test" time="0.336" errors="0" timestamp="2025-09-20T15:24:07 IST">
  <testcase classname="abhi.vtiger.createorganization.CreateOrgTest" name="createOrganization" time="0.08"/>
  <testcase classname="abhi.vtiger.createorganization.M1" name="M1a1" time="0.01"/>
  <testcase classname="abhi.vtiger.createorganization.M1" name="M1a2" time="0.012"/>
  <testcase classname="abhi.vtiger.createorganization.M3" name="M3a1" time="0.0">
    <ignored/>
  </testcase> <!-- M3a1 -->
  <testcase classname="abhi.vtiger.createorganization.M2" name="M2a3" time="0.0">
    <ignored/>
  </testcase> <!-- M2a3 -->
  <testcase classname="abhi.vtiger.createorganization.M3" name="M3a2" time="0.0">
    <ignored/>
  </testcase> <!-- M3a2 -->
  <testcase classname="abhi.vtiger.createorganization.M1" name="M1a4" time="0.0">
    <ignored/>
  </testcase> <!-- M1a4 -->
  <testcase classname="abhi.vtiger.createorganization.M2" name="M2a1" time="0.0">
    <ignored/>
  </testcase> <!-- M2a1 -->
  <testcase classname="abhi.vtiger.createorganization.M2" name="M2a2" time="0.0">
    <ignored/>
  </testcase> <!-- M2a2 -->
  <testcase classname="abhi.vtiger.createorganization.M1" name="M1a3" time="0.0">
    <ignored/>
  </testcase> <!-- M1a3 -->
  <testcase classname="abhi.vtiger.createorganization.M2" name="M2a4" time="0.0">
    <ignored/>
  </testcase> <!-- M2a4 -->
  <testcase classname="abhi.vtiger.createorganization.M3" name="M3a3" time="0.0">
    <ignored/>
  </testcase> <!-- M3a3 -->
  <testcase classname="abhi.vtiger.createorganization.M3" name="M3a4" time="0.0">
    <ignored/>
  </testcase> <!-- M3a4 -->
</testsuite> <!-- Test -->
